-- The C compiler identification is GNU 11.4.0
-- The CXX compiler identification is GNU 11.4.0
-- Detecting C compiler ABI info
-- Detecting C compiler ABI info - done
-- Check for working C compiler: /usr/bin/cc - skipped
-- Detecting C compile features
-- Detecting C compile features - done
-- Detecting CXX compiler ABI info
-- Detecting CXX compiler ABI info - done
-- Check for working CXX compiler: /usr/bin/c++ - skipped
-- Detecting CXX compile features
-- Detecting CXX compile features - done
-- Found ament_cmake: 1.3.13 (/opt/ros/humble/share/ament_cmake/cmake)
-- Found Python3: /usr/bin/python3 (found version "3.10.12") found components: Interpreter
-- Found rclcpp: 16.0.18 (/opt/ros/humble/share/rclcpp/cmake)
-- Found rosidl_generator_c: 3.1.8 (/opt/ros/humble/share/rosidl_generator_c/cmake)
-- Found rosidl_adapter: 3.1.8 (/opt/ros/humble/share/rosidl_adapter/cmake)
-- Found rosidl_generator_cpp: 3.1.8 (/opt/ros/humble/share/rosidl_generator_cpp/cmake)
-- Using all available rosidl_typesupport_c: rosidl_typesupport_fastrtps_c;rosidl_typesupport_introspection_c
-- Using all available rosidl_typesupport_cpp: rosidl_typesupport_fastrtps_cpp;rosidl_typesupport_introspection_cpp
-- Found rmw_implementation_cmake: 6.1.2 (/opt/ros/humble/share/rmw_implementation_cmake/cmake)
-- Found rmw_cyclonedds_cpp: 1.3.4 (/opt/ros/humble/share/rmw_cyclonedds_cpp/cmake)
-- Using RMW implementation 'rmw_cyclonedds_cpp' as default
-- Performing Test CMAKE_HAVE_LIBC_PTHREAD
-- Performing Test CMAKE_HAVE_LIBC_PTHREAD - Success
-- Found Threads: TRUE
-- Found nav_msgs: 4.9.1 (/opt/ros/humble/share/nav_msgs/cmake)
-- Found sensor_msgs: 4.9.1 (/opt/ros/humble/share/sensor_msgs/cmake)
-- Found visualization_msgs: 4.9.1 (/opt/ros/humble/share/visualization_msgs/cmake)
-- Found tf2: 0.25.19 (/opt/ros/humble/share/tf2/cmake)
-- Found tf2_ros: 0.25.19 (/opt/ros/humble/share/tf2_ros/cmake)
-- Configuring done (0.7s)
-- Generating done (0.0s)
-- Build files have been written to: /home/hzy/0.0002233/LocalPlanner/build/dog_ego_planner
[  8%] [32mBuilding CXX object CMakeFiles/vendor_local_map.dir/vendor/GridMap2D/src/grid_map.cpp.o[0m
[ 16%] [1m[32mLinking CXX static library libvendor_local_map.a[0m
[ 16%] Built target vendor_local_map
[ 25%] [32mBuilding CXX object CMakeFiles/vendor_path_searching.dir/vendor/path_searching/src/dyn_a_star.cpp.o[0m
[ 33%] [1m[32mLinking CXX static library libvendor_path_searching.a[0m
[ 33%] Built target vendor_path_searching
[ 41%] [32mBuilding CXX object CMakeFiles/vendor_bspline_opt.dir/vendor/bspline_opt/src/gradient_descent_optimizer.cpp.o[0m
[ 50%] [32mBuilding CXX object CMakeFiles/vendor_bspline_opt.dir/vendor/bspline_opt/src/uniform_bspline.cpp.o[0m
[ 58%] [32mBuilding CXX object CMakeFiles/vendor_bspline_opt.dir/vendor/bspline_opt/src/bspline_optimizer.cpp.o[0m
[ 66%] [1m[32mLinking CXX static library libvendor_bspline_opt.a[0m
[ 66%] Built target vendor_bspline_opt
[ 75%] [32mBuilding CXX object CMakeFiles/dog_ego_core.dir/src/planner_interface_dog.cpp.o[0m
[ 83%] [1m[32mLinking CXX static library libdog_ego_core.a[0m
[ 83%] Built target dog_ego_core
[ 91%] [32mBuilding CXX object CMakeFiles/dog_planner_node.dir/src/dog_planner_node.cpp.o[0m
[100%] [1m[32mLinking CXX executable dog_planner_node[0m
[100%] Built target dog_planner_node
-- Install configuration: "Debug"
-- Installing: /home/hzy/0.0002233/LocalPlanner/install/dog_ego_planner/lib/dog_ego_planner/dog_planner_node
-- Set non-toolchain portion of runtime path of "/home/hzy/0.0002233/LocalPlanner/install/dog_ego_planner/lib/dog_ego_planner/dog_planner_node" to ""
-- Installing: /home/hzy/0.0002233/LocalPlanner/install/dog_ego_planner/share/dog_ego_planner/launch
-- Installing: /home/hzy/0.0002233/LocalPlanner/install/dog_ego_planner/share/dog_ego_planner/launch/robot_launch.py
-- Installing: /home/hzy/0.0002233/LocalPlanner/install/dog_ego_planner/share/dog_ego_planner/launch/__pycache__
-- Installing: /home/hzy/0.0002233/LocalPlanner/install/dog_ego_planner/share/dog_ego_planner/launch/__pycache__/robot_launch.cpython-310.pyc
-- Installing: /home/hzy/0.0002233/LocalPlanner/install/dog_ego_planner/share/dog_ego_planner/planner/plan_manage/rviz
-- Installing: /home/hzy/0.0002233/LocalPlanner/install/dog_ego_planner/share/dog_ego_planner/planner/plan_manage/rviz/dog_debug.rviz
-- Installing: /home/hzy/0.0002233/LocalPlanner/install/dog_ego_planner/share/ament_index/resource_index/package_run_dependencies/dog_ego_planner
-- Installing: /home/hzy/0.0002233/LocalPlanner/install/dog_ego_planner/share/ament_index/resource_index/parent_prefix_path/dog_ego_planner
-- Installing: /home/hzy/0.0002233/LocalPlanner/install/dog_ego_planner/share/dog_ego_planner/environment/ament_prefix_path.sh
-- Installing: /home/hzy/0.0002233/LocalPlanner/install/dog_ego_planner/share/dog_ego_planner/environment/ament_prefix_path.dsv
-- Installing: /home/hzy/0.0002233/LocalPlanner/install/dog_ego_planner/share/dog_ego_planner/environment/path.sh
-- Installing: /home/hzy/0.0002233/LocalPlanner/install/dog_ego_planner/share/dog_ego_planner/environment/path.dsv
-- Installing: /home/hzy/0.0002233/LocalPlanner/install/dog_ego_planner/share/dog_ego_planner/local_setup.bash
-- Installing: /home/hzy/0.0002233/LocalPlanner/install/dog_ego_planner/share/dog_ego_planner/local_setup.sh
-- Installing: /home/hzy/0.0002233/LocalPlanner/install/dog_ego_planner/share/dog_ego_planner/local_setup.zsh
-- Installing: /home/hzy/0.0002233/LocalPlanner/install/dog_ego_planner/share/dog_ego_planner/local_setup.dsv
-- Installing: /home/hzy/0.0002233/LocalPlanner/install/dog_ego_planner/share/dog_ego_planner/package.dsv
-- Installing: /home/hzy/0.0002233/LocalPlanner/install/dog_ego_planner/share/ament_index/resource_index/packages/dog_ego_planner
-- Installing: /home/hzy/0.0002233/LocalPlanner/install/dog_ego_planner/share/dog_ego_planner/cmake/dog_ego_plannerConfig.cmake
-- Installing: /home/hzy/0.0002233/LocalPlanner/install/dog_ego_planner/share/dog_ego_planner/cmake/dog_ego_plannerConfig-version.cmake
-- Installing: /home/hzy/0.0002233/LocalPlanner/install/dog_ego_planner/share/dog_ego_planner/package.xml
