[0.048s] DEBUG:colcon:Command line arguments: ['/usr/bin/colcon', 'build', '--cmake-args', '-DCMAKE_BUILD_TYPE=Debug']
[0.048s] DEBUG:colcon:Parsed command line arguments: Namespace(log_base=None, log_level=None, verb_name='build', build_base='build', install_base='install', merge_install=False, symlink_install=False, test_result_base=None, continue_on_error=False, executor='parallel', parallel_workers=20, event_handlers=None, ignore_user_meta=False, metas=['./colcon.meta'], base_paths=['.'], packages_ignore=None, packages_ignore_regex=None, paths=None, packages_up_to=None, packages_up_to_regex=None, packages_above=None, packages_above_and_dependencies=None, packages_above_depth=None, packages_select_by_dep=None, packages_skip_by_dep=None, packages_skip_up_to=None, packages_select_build_failed=False, packages_skip_build_finished=False, packages_select_test_failures=False, packages_skip_test_passed=False, packages_select=None, packages_skip=None, packages_select_regex=None, packages_skip_regex=None, packages_start=None, packages_end=None, allow_overriding=[], cmake_args=['-DCMAKE_BUILD_TYPE=Debug'], cmake_target=None, cmake_target_skip_unavailable=False, cmake_clean_cache=False, cmake_clean_first=False, cmake_force_configure=False, ament_cmake_args=None, catkin_cmake_args=None, catkin_skip_building_tests=False, verb_parser=<colcon_defaults.argument_parser.defaults.DefaultArgumentsDecorator object at 0x741a48406140>, verb_extension=<colcon_core.verb.build.BuildVerb object at 0x741a485ded70>, main=<bound method BuildVerb.main of <colcon_core.verb.build.BuildVerb object at 0x741a485ded70>>)
[0.121s] Level 1:colcon.colcon_core.package_discovery:discover_packages(colcon_meta) check parameters
[0.121s] Level 1:colcon.colcon_core.package_discovery:discover_packages(recursive) check parameters
[0.121s] Level 1:colcon.colcon_core.package_discovery:discover_packages(ignore) check parameters
[0.121s] Level 1:colcon.colcon_core.package_discovery:discover_packages(path) check parameters
[0.121s] Level 1:colcon.colcon_core.package_discovery:discover_packages(colcon_meta) discover
[0.121s] Level 1:colcon.colcon_core.package_discovery:discover_packages(recursive) discover
[0.121s] INFO:colcon.colcon_core.package_discovery:Crawling recursively for packages in '/home/hzy/0.0002233/LocalPlanner'
[0.121s] Level 1:colcon.colcon_core.package_identification:_identify(.) by extensions ['ignore', 'ignore_ament_install']
[0.121s] Level 1:colcon.colcon_core.package_identification:_identify(.) by extension 'ignore'
[0.121s] Level 1:colcon.colcon_core.package_identification:_identify(.) by extension 'ignore_ament_install'
[0.121s] Level 1:colcon.colcon_core.package_identification:_identify(.) by extensions ['colcon_pkg']
[0.121s] Level 1:colcon.colcon_core.package_identification:_identify(.) by extension 'colcon_pkg'
[0.121s] Level 1:colcon.colcon_core.package_identification:_identify(.) by extensions ['colcon_meta']
[0.121s] Level 1:colcon.colcon_core.package_identification:_identify(.) by extension 'colcon_meta'
[0.121s] Level 1:colcon.colcon_core.package_identification:_identify(.) by extensions ['ros']
[0.121s] Level 1:colcon.colcon_core.package_identification:_identify(.) by extension 'ros'
[0.133s] DEBUG:colcon.colcon_core.package_identification:Package '.' with type 'ros.ament_cmake' and name 'dog_ego_planner'
[0.133s] Level 1:colcon.colcon_core.package_discovery:discover_packages(recursive) using defaults
[0.133s] Level 1:colcon.colcon_core.package_discovery:discover_packages(ignore) discover
[0.133s] Level 1:colcon.colcon_core.package_discovery:discover_packages(ignore) using defaults
[0.133s] Level 1:colcon.colcon_core.package_discovery:discover_packages(path) discover
[0.133s] Level 1:colcon.colcon_core.package_discovery:discover_packages(path) using defaults
[0.142s] Level 1:colcon.colcon_core.package_discovery:discover_packages(prefix_path) check parameters
[0.142s] Level 1:colcon.colcon_core.package_discovery:discover_packages(prefix_path) discover
[0.143s] DEBUG:colcon.colcon_installed_package_information.package_discovery:Found 1 installed packages in /heng/livox_ros_driver2_ws/install
[0.143s] DEBUG:colcon.colcon_installed_package_information.package_discovery:Found 408 installed packages in /opt/ros/humble
[0.144s] Level 1:colcon.colcon_core.package_discovery:discover_packages(prefix_path) using defaults
[0.162s] Level 5:colcon.colcon_core.verb:set package 'dog_ego_planner' build argument 'cmake_args' from command line to '['-DCMAKE_BUILD_TYPE=Debug']'
[0.162s] Level 5:colcon.colcon_core.verb:set package 'dog_ego_planner' build argument 'cmake_target' from command line to 'None'
[0.162s] Level 5:colcon.colcon_core.verb:set package 'dog_ego_planner' build argument 'cmake_target_skip_unavailable' from command line to 'False'
[0.163s] Level 5:colcon.colcon_core.verb:set package 'dog_ego_planner' build argument 'cmake_clean_cache' from command line to 'False'
[0.163s] Level 5:colcon.colcon_core.verb:set package 'dog_ego_planner' build argument 'cmake_clean_first' from command line to 'False'
[0.163s] Level 5:colcon.colcon_core.verb:set package 'dog_ego_planner' build argument 'cmake_force_configure' from command line to 'False'
[0.163s] Level 5:colcon.colcon_core.verb:set package 'dog_ego_planner' build argument 'ament_cmake_args' from command line to 'None'
[0.163s] Level 5:colcon.colcon_core.verb:set package 'dog_ego_planner' build argument 'catkin_cmake_args' from command line to 'None'
[0.163s] Level 5:colcon.colcon_core.verb:set package 'dog_ego_planner' build argument 'catkin_skip_building_tests' from command line to 'False'
[0.163s] DEBUG:colcon.colcon_core.verb:Building package 'dog_ego_planner' with the following arguments: {'ament_cmake_args': None, 'build_base': '/home/hzy/0.0002233/LocalPlanner/build/dog_ego_planner', 'catkin_cmake_args': None, 'catkin_skip_building_tests': False, 'cmake_args': ['-DCMAKE_BUILD_TYPE=Debug'], 'cmake_clean_cache': False, 'cmake_clean_first': False, 'cmake_force_configure': False, 'cmake_target': None, 'cmake_target_skip_unavailable': False, 'install_base': '/home/hzy/0.0002233/LocalPlanner/install/dog_ego_planner', 'merge_install': False, 'path': '/home/hzy/0.0002233/LocalPlanner', 'symlink_install': False, 'test_result_base': None}
[0.163s] INFO:colcon.colcon_core.executor:Executing jobs using 'parallel' executor
[0.163s] DEBUG:colcon.colcon_parallel_executor.executor.parallel:run_until_complete
[0.164s] INFO:colcon.colcon_ros.task.ament_cmake.build:Building ROS package in '/home/hzy/0.0002233/LocalPlanner' with build type 'ament_cmake'
[0.164s] INFO:colcon.colcon_cmake.task.cmake.build:Building CMake package in '/home/hzy/0.0002233/LocalPlanner'
[0.164s] INFO:colcon.colcon_core.plugin_system:Skipping extension 'colcon_core.shell.bat': Not used on non-Windows systems
[0.164s] INFO:colcon.colcon_core.shell:Skip shell extension 'powershell' for command environment: Not usable outside of PowerShell
[0.164s] DEBUG:colcon.colcon_core.shell:Skip shell extension 'dsv' for command environment
[0.171s] DEBUG:colcon.colcon_core.event_handler.log_command:Invoking command in '/home/hzy/0.0002233/LocalPlanner/build/dog_ego_planner': CMAKE_PREFIX_PATH=${CMAKE_PREFIX_PATH}:/opt/ros/humble /snap/bin/cmake /home/hzy/0.0002233/LocalPlanner -DCMAKE_BUILD_TYPE=Debug -DCMAKE_INSTALL_PREFIX=/home/hzy/0.0002233/LocalPlanner/install/dog_ego_planner
[0.942s] DEBUG:colcon.colcon_core.event_handler.log_command:Invoked command in '/home/hzy/0.0002233/LocalPlanner/build/dog_ego_planner' returned '0': CMAKE_PREFIX_PATH=${CMAKE_PREFIX_PATH}:/opt/ros/humble /snap/bin/cmake /home/hzy/0.0002233/LocalPlanner -DCMAKE_BUILD_TYPE=Debug -DCMAKE_INSTALL_PREFIX=/home/hzy/0.0002233/LocalPlanner/install/dog_ego_planner
[0.942s] DEBUG:colcon.colcon_core.event_handler.log_command:Invoking command in '/home/hzy/0.0002233/LocalPlanner/build/dog_ego_planner': CMAKE_PREFIX_PATH=${CMAKE_PREFIX_PATH}:/opt/ros/humble /snap/bin/cmake --build /home/hzy/0.0002233/LocalPlanner/build/dog_ego_planner -- -j20 -l20
[26.648s] DEBUG:colcon.colcon_core.event_handler.log_command:Invoked command in '/home/hzy/0.0002233/LocalPlanner/build/dog_ego_planner' returned '0': CMAKE_PREFIX_PATH=${CMAKE_PREFIX_PATH}:/opt/ros/humble /snap/bin/cmake --build /home/hzy/0.0002233/LocalPlanner/build/dog_ego_planner -- -j20 -l20
[26.738s] DEBUG:colcon.colcon_core.event_handler.log_command:Invoking command in '/home/hzy/0.0002233/LocalPlanner/build/dog_ego_planner': CMAKE_PREFIX_PATH=${CMAKE_PREFIX_PATH}:/opt/ros/humble /snap/bin/cmake --install /home/hzy/0.0002233/LocalPlanner/build/dog_ego_planner
[26.842s] Level 1:colcon.colcon_core.environment:create_environment_scripts_only(dog_ego_planner)
[26.842s] DEBUG:colcon.colcon_core.event_handler.log_command:Invoked command in '/home/hzy/0.0002233/LocalPlanner/build/dog_ego_planner' returned '0': CMAKE_PREFIX_PATH=${CMAKE_PREFIX_PATH}:/opt/ros/humble /snap/bin/cmake --install /home/hzy/0.0002233/LocalPlanner/build/dog_ego_planner
[26.843s] Level 1:colcon.colcon_core.environment:checking '/home/hzy/0.0002233/LocalPlanner/install/dog_ego_planner' for CMake module files
[26.843s] Level 1:colcon.colcon_core.environment:checking '/home/hzy/0.0002233/LocalPlanner/install/dog_ego_planner' for CMake config files
[26.843s] Level 1:colcon.colcon_core.shell:create_environment_hook('dog_ego_planner', 'cmake_prefix_path')
[26.844s] INFO:colcon.colcon_core.shell:Creating environment hook '/home/hzy/0.0002233/LocalPlanner/install/dog_ego_planner/share/dog_ego_planner/hook/cmake_prefix_path.ps1'
[26.844s] INFO:colcon.colcon_core.shell:Creating environment descriptor '/home/hzy/0.0002233/LocalPlanner/install/dog_ego_planner/share/dog_ego_planner/hook/cmake_prefix_path.dsv'
[26.844s] INFO:colcon.colcon_core.shell:Creating environment hook '/home/hzy/0.0002233/LocalPlanner/install/dog_ego_planner/share/dog_ego_planner/hook/cmake_prefix_path.sh'
[26.844s] Level 1:colcon.colcon_core.environment:checking '/home/hzy/0.0002233/LocalPlanner/install/dog_ego_planner/lib'
[26.844s] Level 1:colcon.colcon_core.environment:checking '/home/hzy/0.0002233/LocalPlanner/install/dog_ego_planner/bin'
[26.844s] Level 1:colcon.colcon_core.environment:checking '/home/hzy/0.0002233/LocalPlanner/install/dog_ego_planner/lib/pkgconfig/dog_ego_planner.pc'
[26.845s] Level 1:colcon.colcon_core.environment:checking '/home/hzy/0.0002233/LocalPlanner/install/dog_ego_planner/lib/python3.10/site-packages'
[26.845s] Level 1:colcon.colcon_core.environment:checking '/home/hzy/0.0002233/LocalPlanner/install/dog_ego_planner/bin'
[26.845s] INFO:colcon.colcon_core.shell:Creating package script '/home/hzy/0.0002233/LocalPlanner/install/dog_ego_planner/share/dog_ego_planner/package.ps1'
[26.845s] INFO:colcon.colcon_core.shell:Creating package descriptor '/home/hzy/0.0002233/LocalPlanner/install/dog_ego_planner/share/dog_ego_planner/package.dsv'
[26.845s] INFO:colcon.colcon_core.shell:Creating package script '/home/hzy/0.0002233/LocalPlanner/install/dog_ego_planner/share/dog_ego_planner/package.sh'
[26.846s] INFO:colcon.colcon_core.shell:Creating package script '/home/hzy/0.0002233/LocalPlanner/install/dog_ego_planner/share/dog_ego_planner/package.bash'
[26.846s] INFO:colcon.colcon_core.shell:Creating package script '/home/hzy/0.0002233/LocalPlanner/install/dog_ego_planner/share/dog_ego_planner/package.zsh'
[26.846s] Level 1:colcon.colcon_core.environment:create_file_with_runtime_dependencies(/home/hzy/0.0002233/LocalPlanner/install/dog_ego_planner/share/colcon-core/packages/dog_ego_planner)
[26.847s] Level 1:colcon.colcon_core.environment:create_environment_scripts_only(dog_ego_planner)
[26.847s] Level 1:colcon.colcon_core.environment:checking '/home/hzy/0.0002233/LocalPlanner/install/dog_ego_planner' for CMake module files
[26.847s] Level 1:colcon.colcon_core.environment:checking '/home/hzy/0.0002233/LocalPlanner/install/dog_ego_planner' for CMake config files
[26.847s] Level 1:colcon.colcon_core.shell:create_environment_hook('dog_ego_planner', 'cmake_prefix_path')
[26.847s] INFO:colcon.colcon_core.shell:Creating environment hook '/home/hzy/0.0002233/LocalPlanner/install/dog_ego_planner/share/dog_ego_planner/hook/cmake_prefix_path.ps1'
[26.848s] INFO:colcon.colcon_core.shell:Creating environment descriptor '/home/hzy/0.0002233/LocalPlanner/install/dog_ego_planner/share/dog_ego_planner/hook/cmake_prefix_path.dsv'
[26.848s] INFO:colcon.colcon_core.shell:Creating environment hook '/home/hzy/0.0002233/LocalPlanner/install/dog_ego_planner/share/dog_ego_planner/hook/cmake_prefix_path.sh'
[26.848s] Level 1:colcon.colcon_core.environment:checking '/home/hzy/0.0002233/LocalPlanner/install/dog_ego_planner/lib'
[26.848s] Level 1:colcon.colcon_core.environment:checking '/home/hzy/0.0002233/LocalPlanner/install/dog_ego_planner/bin'
[26.848s] Level 1:colcon.colcon_core.environment:checking '/home/hzy/0.0002233/LocalPlanner/install/dog_ego_planner/lib/pkgconfig/dog_ego_planner.pc'
[26.848s] Level 1:colcon.colcon_core.environment:checking '/home/hzy/0.0002233/LocalPlanner/install/dog_ego_planner/lib/python3.10/site-packages'
[26.848s] Level 1:colcon.colcon_core.environment:checking '/home/hzy/0.0002233/LocalPlanner/install/dog_ego_planner/bin'
[26.848s] INFO:colcon.colcon_core.shell:Creating package script '/home/hzy/0.0002233/LocalPlanner/install/dog_ego_planner/share/dog_ego_planner/package.ps1'
[26.849s] INFO:colcon.colcon_core.shell:Creating package descriptor '/home/hzy/0.0002233/LocalPlanner/install/dog_ego_planner/share/dog_ego_planner/package.dsv'
[26.849s] INFO:colcon.colcon_core.shell:Creating package script '/home/hzy/0.0002233/LocalPlanner/install/dog_ego_planner/share/dog_ego_planner/package.sh'
[26.849s] INFO:colcon.colcon_core.shell:Creating package script '/home/hzy/0.0002233/LocalPlanner/install/dog_ego_planner/share/dog_ego_planner/package.bash'
[26.849s] INFO:colcon.colcon_core.shell:Creating package script '/home/hzy/0.0002233/LocalPlanner/install/dog_ego_planner/share/dog_ego_planner/package.zsh'
[26.849s] Level 1:colcon.colcon_core.environment:create_file_with_runtime_dependencies(/home/hzy/0.0002233/LocalPlanner/install/dog_ego_planner/share/colcon-core/packages/dog_ego_planner)
[26.849s] DEBUG:colcon.colcon_parallel_executor.executor.parallel:closing loop
[26.850s] DEBUG:colcon.colcon_parallel_executor.executor.parallel:loop closed
[26.850s] DEBUG:colcon.colcon_parallel_executor.executor.parallel:run_until_complete finished with '0'
[26.850s] DEBUG:colcon.colcon_core.event_reactor:joining thread
[26.852s] INFO:colcon.colcon_core.plugin_system:Skipping extension 'colcon_notification.desktop_notification.terminal_notifier': Not used on non-Darwin systems
[26.852s] INFO:colcon.colcon_core.plugin_system:Skipping extension 'colcon_notification.desktop_notification.win32': Not used on non-Windows systems
[26.852s] INFO:colcon.colcon_notification.desktop_notification:Sending desktop notification using 'notify2'
[26.863s] DEBUG:colcon.colcon_core.event_reactor:joined thread
[26.863s] INFO:colcon.colcon_core.shell:Creating prefix script '/home/hzy/0.0002233/LocalPlanner/install/local_setup.ps1'
[26.864s] INFO:colcon.colcon_core.shell:Creating prefix util module '/home/hzy/0.0002233/LocalPlanner/install/_local_setup_util_ps1.py'
[26.864s] INFO:colcon.colcon_core.shell:Creating prefix chain script '/home/hzy/0.0002233/LocalPlanner/install/setup.ps1'
[26.865s] INFO:colcon.colcon_core.shell:Creating prefix script '/home/hzy/0.0002233/LocalPlanner/install/local_setup.sh'
[26.865s] INFO:colcon.colcon_core.shell:Creating prefix util module '/home/hzy/0.0002233/LocalPlanner/install/_local_setup_util_sh.py'
[26.865s] INFO:colcon.colcon_core.shell:Creating prefix chain script '/home/hzy/0.0002233/LocalPlanner/install/setup.sh'
[26.866s] INFO:colcon.colcon_core.shell:Creating prefix script '/home/hzy/0.0002233/LocalPlanner/install/local_setup.bash'
[26.866s] INFO:colcon.colcon_core.shell:Creating prefix chain script '/home/hzy/0.0002233/LocalPlanner/install/setup.bash'
[26.866s] INFO:colcon.colcon_core.shell:Creating prefix script '/home/hzy/0.0002233/LocalPlanner/install/local_setup.zsh'
[26.867s] INFO:colcon.colcon_core.shell:Creating prefix chain script '/home/hzy/0.0002233/LocalPlanner/install/setup.zsh'
